Submitted on Mon Jan 13 09:23:02 PST 2025
JOB PARAMETERS
SLURM_JOB_ID          : 40411
SLURM_JOB_NAME        : cueva_lstm_svm_training_job_C_10_gamma_0p1
SLURM_JOB_NUM_NODES   : 1
SLURM_JOB_NODELIST    : saliksik-cpu-20
SLURM_NTASKS          : 12
SLURM_NTASKS_PER_NODE : 
SLURM_MEM_PER_NODE    : 204800
TMPDIR                : /tmp/michael.cueva/SLURM_JOB_ID/40411
Cache ERROR: Cache file requires at least Modules version 5.4
  In '/opt/modules/modulefiles/cpu/.modulecache'
  Please contact <root@localhost>
Module load: anaconda/3-2023.07-2
Python 3.12.3
.............................................................................................................................................................................................................................................................................................................................................................................................*..............................................................................................................................................................................................................................................................*..*
optimization finished, #iter = 637260
obj = -217998.274692, rho = 0.244175
nSV = 60978, nBSV = 16805
Total nSV = 60978
.........................................................................................................................................................................................................................................................................................................................................................................................*.........................................................................................................................................................................................................................................................................*..*
optimization finished, #iter = 644030
obj = -218817.877538, rho = 0.253497
nSV = 61212, nBSV = 16834
Total nSV = 61212
............................................................................................................................................................................................................................................................................................................................................................................................*........................................................................................................................................................................................................................................................................*.*
optimization finished, #iter = 644577
obj = -217801.480204, rho = 0.248229
nSV = 61092, nBSV = 16673
Total nSV = 61092
......................................................................................................................................................................................................................................................................................................................................................................................*.................................................................................................................................................................................................................................................................*.......*
optimization finished, #iter = 638516
obj = -217276.808627, rho = 0.253591
nSV = 60921, nBSV = 16744
Total nSV = 60921
.........................................................................................................................................................................................................................................................................................................................................................................................*...................................................................................................................................................................................................................................................................*.*
optimization finished, #iter = 637297
obj = -218621.625015, rho = 0.248410
nSV = 61084, nBSV = 16826
Total nSV = 61084
..................................................................................................................................................................................................................................................................................................................................................................................................................................................................................................*.........................................................................................................................................................................................................................................................................................................................*..*
optimization finished, #iter = 797036
obj = -274831.855967, rho = -0.242072
nSV = 72755, nBSV = 21766
Total nSV = 72755
subjects features, labels, names and subject to id lookup loaded
<class 'int'>
<class 'float'>
<class 'bool'>
{'C': 10, 'gamma': 0.1, 'probability': True, 'class_weight': None}
Index(['HOF_2', 'HOF_7', 'HOF_8', 'HOF_9', 'HOF_10', 'HOF_12', 'HOF_14',
       'HOF_16', 'HOF_17', 'HOF_18', 'HOF_19', 'HOF_20', 'HOF_21', 'HOF_22',
       'HOF_26', 'HOF_27', 'HOF_32', 'raw_128hz_min', 'raw_128hz_amp',
       'raw_128hz_std', 'raw_128hz_range', 'raw_128hz_shannon_entropy',
       'raw_128hz_1d_min', 'raw_128hz_1d_range',
       'raw_128hz_1d_shannon_entropy', 'filt_128hz_median',
       'filt_128hz_1d_min', 'ar_coeff_1_128hz', 'ar_coeff_2_128hz',
       'raw_128hz_skewness', 'third_16thofa_sec_max', 'first_16thofa_sec_mean',
       'second_16thofa_sec_std', 'third_16thofa_sec_std',
       'first_16thofa_sec_median', 'second_16thofa_sec_median',
       'third_16thofa_sec_range', 'first_32thofa_sec_mean',
       'second_32thofa_sec_mean', 'first_32thofa_sec_std',
       'first_32thofa_sec_median', 'second_32thofa_sec_median',
       'second_32thofa_sec_range', 'raw_16hz_min', 'raw_16hz_range',
       'raw_16hz_1d_min', 'raw_16hz_1d_range', 'filt_16hz_1d_avg_abs',
       'ar_coeff_1_16hz', 'ar_coeff_2_16hz', 'ar_err_var_16hz',
       'first_2thofa_sec_max', 'first_2thofa_sec_mean',
       'third_2thofa_sec_mean', 'first_2thofa_sec_std',
       'second_2thofa_sec_std', 'third_2thofa_sec_std',
       'first_2thofa_sec_median', 'second_2thofa_sec_median',
       'second_2thofa_sec_range'],
      dtype='object')
Index(['0'], dtype='object')
[LibSVM]svm score: 0.9790201153967752
./saved/models/cueva_second_phase_C_10_gamma_0p1_probability_True_class_weight_None_svm_clf.pkl
Finished on Tue Jan 14 23:25:13 PST 2025
Total runtime (sec): 136930.87652945518
