Submitted on Mon Jan 13 09:22:48 PST 2025
JOB PARAMETERS
SLURM_JOB_ID          : 40410
SLURM_JOB_NAME        : cueva_lstm_svm_training_job_C_100_gamma_1
SLURM_JOB_NUM_NODES   : 1
SLURM_JOB_NODELIST    : saliksik-cpu-20
SLURM_NTASKS          : 12
SLURM_NTASKS_PER_NODE : 
SLURM_MEM_PER_NODE    : 204800
TMPDIR                : /tmp/michael.cueva/SLURM_JOB_ID/40410
Cache ERROR: Cache file requires at least Modules version 5.4
  In '/opt/modules/modulefiles/cpu/.modulecache'
  Please contact <root@localhost>
Module load: anaconda/3-2023.07-2
Python 3.12.3
..............................................................................................................................................................................................................................................................................................................................*...............................................................................................................................*
optimization finished, #iter = 445311
obj = -60271.783760, rho = 0.645000
nSV = 214151, nBSV = 23
Total nSV = 214151
..............................................................................................................................................................................................................................................................................................................................*................................................................................................................................*
optimization finished, #iter = 446408
obj = -60210.911785, rho = 0.644528
nSV = 213934, nBSV = 21
Total nSV = 213934
..............................................................................................................................................................................................................................................................................................................................*.................................................................................................................................*
optimization finished, #iter = 447032
obj = -60867.044097, rho = 0.644243
nSV = 214207, nBSV = 24
Total nSV = 214207
..............................................................................................................................................................................................................................................................................................................................*...............................................................................................................................*
optimization finished, #iter = 445709
obj = -60228.109195, rho = 0.643940
nSV = 214301, nBSV = 23
Total nSV = 214301
................................................................................................................................................................................................................................................................................................................................