Submitted on Mon Jan 13 09:22:44 PST 2025
JOB PARAMETERS
SLURM_JOB_ID          : 40409
SLURM_JOB_NAME        : cueva_lstm_svm_training_job_C_100_gamma_0p5
SLURM_JOB_NUM_NODES   : 2
SLURM_JOB_NODELIST    : saliksik-cpu-[32-33]
SLURM_NTASKS          : 12
SLURM_NTASKS_PER_NODE : 
SLURM_MEM_PER_NODE    : 204800
TMPDIR                : /tmp/michael.cueva/SLURM_JOB_ID/40409
Cache ERROR: Cache file requires at least Modules version 5.4
  In '/opt/modules/modulefiles/cpu/.modulecache'
  Please contact <root@localhost>
Module load: anaconda/3-2023.07-2
Python 3.12.3
...................................................................................................................................................................................................................................................................*..........................................................................................................................*.*
optimization finished, #iter = 381776
obj = -91084.274105, rho = 0.508874
nSV = 137444, nBSV = 136
Total nSV = 137444
....................................................................................................................................................................................................................................................................*........................................................................................................................*.*
optimization finished, #iter = 380896
obj = -91971.942559, rho = 0.506565
nSV = 137807, nBSV = 147
Total nSV = 137807
....................................................................................................................................................................................................................................................................*........................................................................................................................*.*
optimization finished, #iter = 380681
obj = -92166.215169, rho = 0.507328
nSV = 137362, nBSV = 141
Total nSV = 137362
..................................................................................................................................................................................................................................................................*.......................................................................................................................*
optimization finished, #iter = 377436
obj = -90669.187884, rho = 0.505859
nSV = 137299, nBSV = 146
Total nSV = 137299
.....................................................................................................................................................................................................................................................................*........................................................................................................................*
optimization finished, #iter = 381523
obj = -91474.368640, rho = 0.508898
nSV = 137765, nBSV = 140
Total nSV = 137765
Line search fails in two-class probability estimates
....................................................................................................................................................................................................................................................................................................................................*......................................................................................................................................................