Submitted on Mon Jan 13 09:24:00 PST 2025
JOB PARAMETERS
SLURM_JOB_ID          : 40414
SLURM_JOB_NAME        : cueva_lstm_svm_training_job_C_1_gamma_0p5
SLURM_JOB_NUM_NODES   : 1
SLURM_JOB_NODELIST    : saliksik-cpu-26
SLURM_NTASKS          : 12
SLURM_NTASKS_PER_NODE : 
SLURM_MEM_PER_NODE    : 204800
TMPDIR                : /tmp/michael.cueva/SLURM_JOB_ID/40414
Cache ERROR: Cache file requires at least Modules version 5.4
  In '/opt/modules/modulefiles/cpu/.modulecache'
  Please contact <root@localhost>
Module load: anaconda/3-2023.07-2
Python 3.12.3
.........................................................................................................................................................................................*....................................................................................*
optimization finished, #iter = 269478
obj = -36013.032315, rho = 0.594530
nSV = 143503, nBSV = 26348
Total nSV = 143503
..........................................................................................................................................................................................*.....................................................................................*.*
optimization finished, #iter = 271747
obj = -36203.329381, rho = 0.593668
nSV = 144024, nBSV = 26497
Total nSV = 144024
.........................................................................................................................................................................................*....................................................................................*
optimization finished, #iter = 269285
obj = -35930.310021, rho = 0.597016
nSV = 143607, nBSV = 26319
Total nSV = 143607
..........................................................................................................................................................................................*....................................................................................*.*
optimization finished, #iter = 270943
obj = -36019.596948, rho = 0.596874
nSV = 143744, nBSV = 26319
Total nSV = 143744
..........................................................................................................................................................................................*....................................................................................*
optimization finished, #iter = 270151
obj = -36073.574382, rho = 0.597578
nSV = 143753, nBSV = 26427
Total nSV = 143753
....................................................................................................................................................................................................................................*.........................................................................................................*.*
optimization finished, #iter = 333026
obj = -43607.880132, rho = -0.582534
nSV = 170964, nBSV = 32036
Total nSV = 170964
