Submitted on Mon Jan 13 09:23:53 PST 2025
JOB PARAMETERS
SLURM_JOB_ID          : 40413
SLURM_JOB_NAME        : cueva_lstm_svm_training_job_C_1_gamma_1
SLURM_JOB_NUM_NODES   : 1
SLURM_JOB_NODELIST    : saliksik-cpu-25
SLURM_NTASKS          : 12
SLURM_NTASKS_PER_NODE : 
SLURM_MEM_PER_NODE    : 204800
TMPDIR                : /tmp/michael.cueva/SLURM_JOB_ID/40413
Cache ERROR: Cache file requires at least Modules version 5.4
  In '/opt/modules/modulefiles/cpu/.modulecache'
  Please contact <root@localhost>
Module load: anaconda/3-2023.07-2
Python 3.12.3
...................................................................................................................................................................................................................................................................................*.......................................................................................................*
optimization finished, #iter = 378214
obj = -40453.295847, rho = 0.745956
nSV = 219032, nBSV = 29333
Total nSV = 219032
...................................................................................................................................................................................................................................................................................*........................................................................................................*.*
optimization finished, #iter = 379429
obj = -40301.226145, rho = 0.747230
nSV = 219345, nBSV = 29170
Total nSV = 219345
.................................................................................................................................................................................................................................................................................*.........................................................................................................*.*
optimization finished, #iter = 378518
obj = -40533.569950, rho = 0.746090
nSV = 219208, nBSV = 29397
Total nSV = 219208
.................................................................................................................................................................................................................................................................................*.........................................................................................................*.*
optimization finished, #iter = 378606
obj = -40345.762358, rho = 0.747552
nSV = 219449, nBSV = 29311
Total nSV = 219449
..................................................................................................................................................................................................................................................................................*.........................................................................................................*.