Submitted on Mon Jan 13 09:23:44 PST 2025
JOB PARAMETERS
SLURM_JOB_ID          : 40412
SLURM_JOB_NAME        : cueva_lstm_svm_training_job_C_10_gamma_1
SLURM_JOB_NUM_NODES   : 1
SLURM_JOB_NODELIST    : saliksik-cpu-25
SLURM_NTASKS          : 12
SLURM_NTASKS_PER_NODE : 
SLURM_MEM_PER_NODE    : 204800
TMPDIR                : /tmp/michael.cueva/SLURM_JOB_ID/40412
Cache ERROR: Cache file requires at least Modules version 5.4
  In '/opt/modules/modulefiles/cpu/.modulecache'
  Please contact <root@localhost>
Module load: anaconda/3-2023.07-2
Python 3.12.3
...........................................................................................................................................................................................................................................................................................................................*...............................................................................................................................*
optimization finished, #iter = 442359
obj = -54755.566610, rho = 0.644143
nSV = 214519, nBSV = 503
Total nSV = 214519
............................................................................................................................................................................................................................................................................................................................*...............................................................................................................................*
optimization finished, #iter = 443475
obj = -55005.303264, rho = 0.643169
nSV = 214886, nBSV = 540
Total nSV = 214886
............................................................................................................................................................................................................................................................................................................................*...............................................................................................................................*
optimization finished, #iter = 443258
obj = -54756.329346, rho = 0.643873
nSV = 214487, nBSV = 522
Total nSV = 214487
...........................................................................................................................................................................................................................................................................................................................*...............................................................................................................................*
optimization finished, #iter = 442399
obj = -54712.152550, rho = 0.643960
nSV = 214557, nBSV = 521
Total nSV = 214557
.............................................................................................................................................................................................................................................................................................................................*............................................................................................................................*
optimization finished, #iter = 441815
obj = -54686.879293, rho = 0.643367
nSV = 214700, nBSV = 488
Total nSV = 214700
...............................................................................................................................................................................................