Submitted on Mon Jan 13 09:22:40 PST 2025
JOB PARAMETERS
SLURM_JOB_ID          : 40408
SLURM_JOB_NAME        : cueva_lstm_svm_training_job_C_100_gamma_0p1
SLURM_JOB_NUM_NODES   : 2
SLURM_JOB_NODELIST    : saliksik-cpu-[17-18]
SLURM_NTASKS          : 12
SLURM_NTASKS_PER_NODE : 
SLURM_MEM_PER_NODE    : 204800
TMPDIR                : /tmp/michael.cueva/SLURM_JOB_ID/40408
Cache ERROR: Cache file requires at least Modules version 5.4
  In '/opt/modules/modulefiles/cpu/.modulecache'
  Please contact <root@localhost>
Module load: anaconda/3-2023.07-2
Python 3.12.3
........................................................................................................................................................................................................................................................................................................................................................................................................................................................................................................................................................................................................................................................................................................................................................................................................................................................................................................................................................................................................................................................................*..............................................................................................................................................................................................................................................................................................................................................................................................................................................................................................................................................................................................................................................................................*
optimization finished, #iter = 1686533
obj = -850631.221981, rho = 0.381789
nSV = 56710, nBSV = 4805
Total nSV = 56710
..........................................................................................................................................................................................................................................................................................................................................................................................................................................................................................................................................................................................................................................................................................................................................................................................................................................................................................................................................................................................................................................................................................*.....................................................................................................................................................................................................................................................................................................................................................................................................................................................................................................................................................................................................................................................................................*......*
optimization finished, #iter = 1716846
obj = -857016.063588, rho = 0.381763
nSV = 57025, nBSV = 4898
Total nSV = 57025
................................................................................................................................................................................................................................................................................................................................................................................................................................................................................................................................................................................................................................................................................................................................................................................................................................................................................................................................................................................................................................................................................................*........................................................................................................................................................................................................................................................................................................................................................................................................................................................................................................................................................................................................................................................................................*....*
optimization finished, #iter = 1723597
obj = -856278.030402, rho = 0.373906
nSV = 56986, nBSV = 4825
Total nSV = 56986
........................................................................................................................................................................................................................................................................................................................................................................................................................................................................................................................................................................................................................................................................................................................................................................................................................................................................................................................................................................................................................................................................................*.......................................................................................................................................................................................................................................................................................................................................................................................................................................................................................................................................................................................................................................................................................*........*
optimization finished, #iter = 1719087
obj = -846129.402709, rho = 0.374347
nSV = 56893, nBSV = 4768
Total nSV = 56893
..........................................................................................................................................................................................................................................................................................................................................................................................................................................................................................................................................................................................................................................................................................................................................................................................................................................................................................................................................................................................................................................................................*.....................................................................................................................................................................................................................................................................................................................................................................................................................................................................................................................................................................................................................................................................*...*
optimization finished, #iter = 1681854
obj = -846826.426431, rho = 0.386109
nSV = 56487, nBSV = 4803
Total nSV = 56487
............................................................................................................................................................................................................................................................................................................................................................................................................................................................................................................................................................................................................................................................................................................................................................................................................................................................................................................................................................................................................................................................................................................................................................................................................................................................................................................................................................*............................................................................................................................................................................................................................................................................................................................................................................................................................................................................................................................................................................................................................................................................................................................................................................................................................................................................*.....*
optimization finished, #iter = 2156771
obj = -1113463.818513, rho = -0.379978
nSV = 66936, nBSV = 6715
Total nSV = 66936
subjects features, labels, names and subject to id lookup loaded
<class 'int'>
<class 'float'>
<class 'bool'>
{'C': 100, 'gamma': 0.1, 'probability': True, 'class_weight': None}
Index(['HOF_2', 'HOF_7', 'HOF_8', 'HOF_9', 'HOF_10', 'HOF_12', 'HOF_14',
       'HOF_16', 'HOF_17', 'HOF_18', 'HOF_19', 'HOF_20', 'HOF_21', 'HOF_22',
       'HOF_26', 'HOF_27', 'HOF_32', 'raw_128hz_min', 'raw_128hz_amp',
       'raw_128hz_std', 'raw_128hz_range', 'raw_128hz_shannon_entropy',
       'raw_128hz_1d_min', 'raw_128hz_1d_range',
       'raw_128hz_1d_shannon_entropy', 'filt_128hz_median',
       'filt_128hz_1d_min', 'ar_coeff_1_128hz', 'ar_coeff_2_128hz',
       'raw_128hz_skewness', 'third_16thofa_sec_max', 'first_16thofa_sec_mean',
       'second_16thofa_sec_std', 'third_16thofa_sec_std',
       'first_16thofa_sec_median', 'second_16thofa_sec_median',
       'third_16thofa_sec_range', 'first_32thofa_sec_mean',
       'second_32thofa_sec_mean', 'first_32thofa_sec_std',
       'first_32thofa_sec_median', 'second_32thofa_sec_median',
       'second_32thofa_sec_range', 'raw_16hz_min', 'raw_16hz_range',
       'raw_16hz_1d_min', 'raw_16hz_1d_range', 'filt_16hz_1d_avg_abs',
       'ar_coeff_1_16hz', 'ar_coeff_2_16hz', 'ar_err_var_16hz',
       'first_2thofa_sec_max', 'first_2thofa_sec_mean',
       'third_2thofa_sec_mean', 'first_2thofa_sec_std',
       'second_2thofa_sec_std', 'third_2thofa_sec_std',
       'first_2thofa_sec_median', 'second_2thofa_sec_median',
       'second_2thofa_sec_range'],
      dtype='object')
Index(['0'], dtype='object')
[LibSVM]svm score: 0.9934965815681315
./saved/models/cueva_second_phase_C_100_gamma_0p1_probability_True_class_weight_None_svm_clf.pkl
Finished on Thu Jan 16 02:09:44 PST 2025
Total runtime (sec): 233224.1568248272
