Submitted on Sun Jan 19 20:24:34 PST 2025
JOB PARAMETERS
SLURM_JOB_ID          : 40910
SLURM_JOB_NAME        : hossain_gbt_training_job_n_estimators_200_learning_rate_0p1_max_depth_10
SLURM_JOB_NUM_NODES   : 1
SLURM_JOB_NODELIST    : saliksik-cpu-35
SLURM_NTASKS          : 12
SLURM_NTASKS_PER_NODE : 
SLURM_MEM_PER_NODE    : 
TMPDIR                : /tmp/michael.cueva/SLURM_JOB_ID/40910
Cache ERROR: Cache file requires at least Modules version 5.4
  In '/opt/modules/modulefiles/cpu/.modulecache'
  Please contact <root@localhost>
Module load: anaconda/3-2023.07-2
Python 3.12.3
subjects features, labels, names and subject to id lookup loaded
<class 'int'>
<class 'float'>
<class 'int'>
{'n_estimators': 200, 'learning_rate': 0.1, 'max_depth': 10, 'class_weight': None}
Index(['raw_128hz_max', 'raw_128hz_min', 'raw_128hz_amp', 'raw_128hz_median',
       'raw_128hz_std', 'raw_128hz_range', 'raw_128hz_shannon_entropy',
       'raw_128hz_1d_max', 'raw_128hz_1d_min', 'raw_128hz_1d_amp',
       'raw_128hz_1d_std', 'raw_128hz_1d_range',
       'raw_128hz_1d_shannon_entropy', 'filt_128hz_max', 'filt_128hz_min',
       'filt_128hz_amp', 'filt_128hz_median', 'filt_128hz_std',
       'filt_128hz_range', 'filt_128hz_1d_max', 'filt_128hz_1d_min',
       'filt_128hz_1d_amp', 'filt_128hz_1d_std', 'filt_128hz_1d_range',
       'ar_coeff_1_128hz', 'ar_coeff_2_128hz', 'ar_err_var_128hz',
       'vfcdm_4/8_128hz_mean', 'first_16thofa_sec_mean',
       'second_16thofa_sec_mean', 'third_16thofa_sec_mean',
       'first_16thofa_sec_std', 'second_16thofa_sec_std',
       'third_16thofa_sec_std', 'third_16thofa_sec_median',
       'third_16thofa_sec_range', 'first_32thofa_sec_mean',
       'second_32thofa_sec_mean', 'first_32thofa_sec_std',
       'second_32thofa_sec_std'],
      dtype='object')
Index(['0'], dtype='object')
      Iter       Train Loss   Remaining Time 
         1           0.5748           70.55m
         2           0.5324           69.89m
         3           0.5022           70.07m
         4           0.4787           69.48m
         5           0.4595           69.36m
         6           0.4433           68.82m
         7           0.4295           68.40m
         8           0.4176           68.15m
         9           0.4075           67.90m
        10           0.3987           67.66m
        20           0.3476           64.42m
        30           0.3255           60.89m
        40           0.3122           57.32m
        50           0.3036           53.49m
        60           0.2960           49.69m
        70           0.2896           46.00m
        80           0.2837           42.31m
        90           0.2778           38.69m
       100           0.2727           35.11m
       200           0.2318            0.00s
gbt score: 0.9635422966131608
./saved/models/hossain_n_estimators_200_learning_rate_0p1_max_depth_10_gbt_clf.pkl
Finished on Sun Jan 19 21:34:24 PST 2025
Total runtime (sec): 4189.639941930771
