Submitted on Sun Jan 19 20:24:43 PST 2025
JOB PARAMETERS
SLURM_JOB_ID          : 40912
SLURM_JOB_NAME        : hossain_gbt_training_job_n_estimators_200_learning_rate_0p01_max_depth_5
SLURM_JOB_NUM_NODES   : 1
SLURM_JOB_NODELIST    : saliksik-cpu-35
SLURM_NTASKS          : 12
SLURM_NTASKS_PER_NODE : 
SLURM_MEM_PER_NODE    : 
TMPDIR                : /tmp/michael.cueva/SLURM_JOB_ID/40912
Cache ERROR: Cache file requires at least Modules version 5.4
  In '/opt/modules/modulefiles/cpu/.modulecache'
  Please contact <root@localhost>
Module load: anaconda/3-2023.07-2
Python 3.12.3
subjects features, labels, names and subject to id lookup loaded
<class 'int'>
<class 'float'>
<class 'int'>
{'n_estimators': 200, 'learning_rate': 0.01, 'max_depth': 5, 'class_weight': None}
Index(['raw_128hz_max', 'raw_128hz_min', 'raw_128hz_amp', 'raw_128hz_median',
       'raw_128hz_std', 'raw_128hz_range', 'raw_128hz_shannon_entropy',
       'raw_128hz_1d_max', 'raw_128hz_1d_min', 'raw_128hz_1d_amp',
       'raw_128hz_1d_std', 'raw_128hz_1d_range',
       'raw_128hz_1d_shannon_entropy', 'filt_128hz_max', 'filt_128hz_min',
       'filt_128hz_amp', 'filt_128hz_median', 'filt_128hz_std',
       'filt_128hz_range', 'filt_128hz_1d_max', 'filt_128hz_1d_min',
       'filt_128hz_1d_amp', 'filt_128hz_1d_std', 'filt_128hz_1d_range',
       'ar_coeff_1_128hz', 'ar_coeff_2_128hz', 'ar_err_var_128hz',
       'vfcdm_4/8_128hz_mean', 'first_16thofa_sec_mean',
       'second_16thofa_sec_mean', 'third_16thofa_sec_mean',
       'first_16thofa_sec_std', 'second_16thofa_sec_std',
       'third_16thofa_sec_std', 'third_16thofa_sec_median',
       'third_16thofa_sec_range', 'first_32thofa_sec_mean',
       'second_32thofa_sec_mean', 'first_32thofa_sec_std',
       'second_32thofa_sec_std'],
      dtype='object')
Index(['0'], dtype='object')
      Iter       Train Loss   Remaining Time 
         1           0.6491           46.54m
         2           0.6427           47.06m
         3           0.6366           46.84m
         4           0.6309           46.55m
         5           0.6255           46.52m
         6           0.6204           46.19m
         7           0.6156           46.01m
         8           0.6109           45.70m
         9           0.6065           45.51m
        10           0.6023           45.22m
        20           0.5677           42.59m
        30           0.5419           40.21m
        40           0.5220           37.90m
        50           0.5059           35.56m
        60           0.4925           33.18m
        70           0.4812           30.76m
        80           0.4716           28.34m
        90           0.4632           25.94m
       100           0.4559           23.60m
       200           0.4127            0.00s
gbt score: 0.9304316917904756
./saved/models/hossain_n_estimators_200_learning_rate_0p01_max_depth_5_gbt_clf.pkl
Finished on Sun Jan 19 21:12:11 PST 2025
Total runtime (sec): 2848.3415019512177
