Submitted on Mon Jan 20 01:38:40 PST 2025
JOB PARAMETERS
SLURM_JOB_ID          : 40938
SLURM_JOB_NAME        : hossain_svm_training_job_C_1_gamma_1
SLURM_JOB_NUM_NODES   : 1
SLURM_JOB_NODELIST    : saliksik-cpu-20
SLURM_NTASKS          : 12
SLURM_NTASKS_PER_NODE : 
SLURM_MEM_PER_NODE    : 24576
TMPDIR                : /tmp/michael.cueva/SLURM_JOB_ID/40938
Cache ERROR: Cache file requires at least Modules version 5.4
  In '/opt/modules/modulefiles/cpu/.modulecache'
  Please contact <root@localhost>
Module load: anaconda/3-2023.07-2
Python 3.12.3
...................................................................................................................................................................................*...............................................................................................................................................................................................................*..*
optimization finished, #iter = 388250
obj = -45890.942213, rho = 0.179496
nSV = 83715, nBSV = 38198
Total nSV = 83715
....................................................................................................................................................................................*...................................................................................................................................................................................................................*...*
optimization finished, #iter = 394258
obj = -45907.316100, rho = 0.170256
nSV = 83926, nBSV = 38174
Total nSV = 83926
.......................................................................................................................................................................................*........................................................................................................................................................................................................*.......*
optimization finished, #iter = 389497
obj = -45826.552162, rho = 0.181604
nSV = 83787, nBSV = 38149
Total nSV = 83787
.....................................................................................................................................................................................*.................................................................................................................................................................................................................*..*
optimization finished, #iter = 392045
obj = -45728.382752, rho = 0.175379
nSV = 83393, nBSV = 38024
Total nSV = 83393
.......................................................................................................................................................................................*....................................................................................................................................................................................................................*..*
optimization finished, #iter = 397100
obj = -45994.236088, rho = 0.177849
nSV = 83736, nBSV = 38287
Total nSV = 83736
..........................................................................................................................................................................................................................................*......................................................................................................................................................................................................................................................................*....*
optimization finished, #iter = 500364
obj = -57082.290614, rho = -0.135708
nSV = 101719, nBSV = 47750
Total nSV = 101719
