Submitted on Mon Jan 20 13:14:49 PST 2025
JOB PARAMETERS
SLURM_JOB_ID          : 40942
SLURM_JOB_NAME        : hossain_svm_training_job_C_100_gamma_0p001
SLURM_JOB_NUM_NODES   : 1
SLURM_JOB_NODELIST    : saliksik-cpu-20
SLURM_NTASKS          : 12
SLURM_NTASKS_PER_NODE : 
SLURM_MEM_PER_NODE    : 24576
TMPDIR                : /tmp/michael.cueva/SLURM_JOB_ID/40942
Cache ERROR: Cache file requires at least Modules version 5.4
  In '/opt/modules/modulefiles/cpu/.modulecache'
  Please contact <root@localhost>
Module load: anaconda/3-2023.07-2
Python 3.12.3
.............................................................................................................................................................................................................................
Warning: using -h 0 may be faster
*.................................................................................................................................*........................................................................................*...................*
optimization finished, #iter = 456285
obj = -5120586.595983, rho = -2.839811
nSV = 51846, nBSV = 51478
Total nSV = 51846
..............................................................................................................................................................................................................................
Warning: using -h 0 may be faster
*.......................................................................................................................*.........................................................................................................*.......*
optimization finished, #iter = 451625
obj = -5158116.039315, rho = -2.888856
nSV = 52238, nBSV = 51869
Total nSV = 52238
....................................................................................................................................................................................................................
Warning: using -h 0 may be faster
*..............................................................................................................................................*..................................................*.....*
optimization finished, #iter = 408766
obj = -5146204.717235, rho = -2.424945
nSV = 52095, nBSV = 51746
Total nSV = 52095
.................................................................................................................................................................................................................................
Warning: using -h 0 may be faster
*.............................................................................................................................................*.................................*
optimization finished, #iter = 399013
obj = -5119863.863499, rho = -2.497890
nSV = 51836, nBSV = 51466
Total nSV = 51836
.........................