Submitted on Mon Jan 20 15:25:56 PST 2025
JOB PARAMETERS
SLURM_JOB_ID          : 40945
SLURM_JOB_NAME        : hossain_svm_training_job_C_100_gamma_1
SLURM_JOB_NUM_NODES   : 1
SLURM_JOB_NODELIST    : saliksik-cpu-20
SLURM_NTASKS          : 12
SLURM_NTASKS_PER_NODE : 
SLURM_MEM_PER_NODE    : 24576
TMPDIR                : /tmp/michael.cueva/SLURM_JOB_ID/40945
Cache ERROR: Cache file requires at least Modules version 5.4
  In '/opt/modules/modulefiles/cpu/.modulecache'
  Please contact <root@localhost>
Module load: anaconda/3-2023.07-2
Python 3.12.3
..................................................................................................................................................................................................................................................................................................................................................................................................................................................................................................................................................................................................................................................................................................................................................................................................................................................................................................................................................................................................................................................................................................................................................................................................................................................................................................................................................................................................................................................................................................................................................................................................................................................................................................................................................................................................................................................................................................................................................................................................................................................................................................................................................................................................................................................................................*..................................................................................................................................................................................................................................................................................................................................................................................................................................................................................................................................................................................................................................................................................................................................................................................................................................................................................................................................................................................................................................................................................................................................................................................................................................................................................................................................................................................................................................................................................................................................................................................................................................................................................................................................................................................................................................................................................................................................................................................................................................................................................*......................................................................................................................................................................................................................................*..............................*
optimization finished, #iter = 4455666
obj = -2100218.169214, rho = 0.180640
nSV = 83947, nBSV = 15480
Total nSV = 83947
..............................................................................................................................................................................................................................................................................................................................................................................................................................................slurmstepd: error: *** JOB 40945 ON saliksik-cpu-20 CANCELLED AT 2025-01-22T12:21:56 ***
