Submitted on Sun Jan 19 21:34:24 PST 2025
JOB PARAMETERS
SLURM_JOB_ID          : 40921
SLURM_JOB_NAME        : hossain_gbt_training_job_n_estimators_600_learning_rate_0p1_max_depth_3
SLURM_JOB_NUM_NODES   : 1
SLURM_JOB_NODELIST    : saliksik-cpu-35
SLURM_NTASKS          : 12
SLURM_NTASKS_PER_NODE : 
SLURM_MEM_PER_NODE    : 
TMPDIR                : /tmp/michael.cueva/SLURM_JOB_ID/40921
Cache ERROR: Cache file requires at least Modules version 5.4
  In '/opt/modules/modulefiles/cpu/.modulecache'
  Please contact <root@localhost>
Module load: anaconda/3-2023.07-2
Python 3.12.3
subjects features, labels, names and subject to id lookup loaded
<class 'int'>
<class 'float'>
<class 'int'>
{'n_estimators': 600, 'learning_rate': 0.1, 'max_depth': 3, 'class_weight': None}
Index(['raw_128hz_max', 'raw_128hz_min', 'raw_128hz_amp', 'raw_128hz_median',
       'raw_128hz_std', 'raw_128hz_range', 'raw_128hz_shannon_entropy',
       'raw_128hz_1d_max', 'raw_128hz_1d_min', 'raw_128hz_1d_amp',
       'raw_128hz_1d_std', 'raw_128hz_1d_range',
       'raw_128hz_1d_shannon_entropy', 'filt_128hz_max', 'filt_128hz_min',
       'filt_128hz_amp', 'filt_128hz_median', 'filt_128hz_std',
       'filt_128hz_range', 'filt_128hz_1d_max', 'filt_128hz_1d_min',
       'filt_128hz_1d_amp', 'filt_128hz_1d_std', 'filt_128hz_1d_range',
       'ar_coeff_1_128hz', 'ar_coeff_2_128hz', 'ar_err_var_128hz',
       'vfcdm_4/8_128hz_mean', 'first_16thofa_sec_mean',
       'second_16thofa_sec_mean', 'third_16thofa_sec_mean',
       'first_16thofa_sec_std', 'second_16thofa_sec_std',
       'third_16thofa_sec_std', 'third_16thofa_sec_median',
       'third_16thofa_sec_range', 'first_32thofa_sec_mean',
       'second_32thofa_sec_mean', 'first_32thofa_sec_std',
       'second_32thofa_sec_std'],
      dtype='object')
Index(['0'], dtype='object')
      Iter       Train Loss   Remaining Time 
         1           0.5998           62.42m
         2           0.5700           62.17m
         3           0.5484           62.19m
         4           0.5319           62.29m
         5           0.5185           62.08m
         6           0.5076           61.93m
         7           0.4988           62.02m
         8           0.4897           61.96m
         9           0.4824           61.85m
        10           0.4763           61.78m
        20           0.4391           60.89m
        30           0.4199           60.17m
        40           0.4081           59.32m
        50           0.4018           58.34m
        60           0.3975           57.11m
        70           0.3944           55.92m
        80           0.3920           54.79m
        90           0.3900           53.70m
       100           0.3884           52.61m
       200           0.3781           42.07m
       300           0.3727           31.48m
       400           0.3685           20.93m
       500           0.3649           10.44m
       600           0.3619            0.00s
gbt score: 0.9353684153364253
./saved/models/hossain_n_estimators_600_learning_rate_0p1_max_depth_3_gbt_clf.pkl
Finished on Sun Jan 19 22:37:14 PST 2025
Total runtime (sec): 3769.8911623954773
