Submitted on Mon Jan 20 01:12:49 PST 2025
JOB PARAMETERS
SLURM_JOB_ID          : 40937
SLURM_JOB_NAME        : hossain_svm_training_job_C_1_gamma_0p1
SLURM_JOB_NUM_NODES   : 1
SLURM_JOB_NODELIST    : saliksik-cpu-20
SLURM_NTASKS          : 12
SLURM_NTASKS_PER_NODE : 
SLURM_MEM_PER_NODE    : 24576
TMPDIR                : /tmp/michael.cueva/SLURM_JOB_ID/40937
Cache ERROR: Cache file requires at least Modules version 5.4
  In '/opt/modules/modulefiles/cpu/.modulecache'
  Please contact <root@localhost>
Module load: anaconda/3-2023.07-2
Python 3.12.3
....................................................................................................
Warning: using -h 0 may be faster
*............................................................................................*........*
optimization finished, #iter = 199765
obj = -46887.940325, rho = -0.603904
nSV = 52491, nBSV = 45353
Total nSV = 52491
......................................................................................................
Warning: using -h 0 may be faster
*...............................................................................................*.......*
optimization finished, #iter = 203981
obj = -47402.805092, rho = -0.621322
nSV = 53092, nBSV = 45825
Total nSV = 53092
......................................................................................................
Warning: using -h 0 may be faster
*.........................................................................................*....*
optimization finished, #iter = 195107
obj = -47103.678923, rho = -0.612063
nSV = 52755, nBSV = 45521
Total nSV = 52755
.....................................................................