Submitted on Sun Jan 19 20:25:18 PST 2025
JOB PARAMETERS
SLURM_JOB_ID          : 40914
SLURM_JOB_NAME        : hossain_gbt_training_job_n_estimators_400_learning_rate_0p1_max_depth_3
SLURM_JOB_NUM_NODES   : 1
SLURM_JOB_NODELIST    : saliksik-cpu-36
SLURM_NTASKS          : 12
SLURM_NTASKS_PER_NODE : 
SLURM_MEM_PER_NODE    : 
TMPDIR                : /tmp/michael.cueva/SLURM_JOB_ID/40914
Cache ERROR: Cache file requires at least Modules version 5.4
  In '/opt/modules/modulefiles/cpu/.modulecache'
  Please contact <root@localhost>
Module load: anaconda/3-2023.07-2
Python 3.12.3
subjects features, labels, names and subject to id lookup loaded
<class 'int'>
<class 'float'>
<class 'int'>
{'n_estimators': 400, 'learning_rate': 0.1, 'max_depth': 3, 'class_weight': None}
Index(['raw_128hz_max', 'raw_128hz_min', 'raw_128hz_amp', 'raw_128hz_median',
       'raw_128hz_std', 'raw_128hz_range', 'raw_128hz_shannon_entropy',
       'raw_128hz_1d_max', 'raw_128hz_1d_min', 'raw_128hz_1d_amp',
       'raw_128hz_1d_std', 'raw_128hz_1d_range',
       'raw_128hz_1d_shannon_entropy', 'filt_128hz_max', 'filt_128hz_min',
       'filt_128hz_amp', 'filt_128hz_median', 'filt_128hz_std',
       'filt_128hz_range', 'filt_128hz_1d_max', 'filt_128hz_1d_min',
       'filt_128hz_1d_amp', 'filt_128hz_1d_std', 'filt_128hz_1d_range',
       'ar_coeff_1_128hz', 'ar_coeff_2_128hz', 'ar_err_var_128hz',
       'vfcdm_4/8_128hz_mean', 'first_16thofa_sec_mean',
       'second_16thofa_sec_mean', 'third_16thofa_sec_mean',
       'first_16thofa_sec_std', 'second_16thofa_sec_std',
       'third_16thofa_sec_std', 'third_16thofa_sec_median',
       'third_16thofa_sec_range', 'first_32thofa_sec_mean',
       'second_32thofa_sec_mean', 'first_32thofa_sec_std',
       'second_32thofa_sec_std'],
      dtype='object')
Index(['0'], dtype='object')
      Iter       Train Loss   Remaining Time 
         1           0.5998           41.37m
         2           0.5700           41.08m
         3           0.5484           41.02m
         4           0.5319           40.75m
         5           0.5185           40.54m
         6           0.5076           40.51m
         7           0.4988           40.32m
         8           0.4897           40.25m
         9           0.4824           40.11m
        10           0.4763           40.08m
        20           0.4391           39.12m
        30           0.4199           38.10m
        40           0.4081           37.16m
        50           0.4018           36.09m
        60           0.3975           34.99m
        70           0.3944           33.87m
        80           0.3920           32.86m
        90           0.3900           31.86m
       100           0.3884           30.79m
       200           0.3781           20.51m
       300           0.3727           10.22m
       400           0.3685            0.00s
gbt score: 0.9343588553712786
./saved/models/hossain_n_estimators_400_learning_rate_0p1_max_depth_3_gbt_clf.pkl
Finished on Sun Jan 19 21:06:17 PST 2025
Total runtime (sec): 2458.6745750904083
