Submitted on Sun Jan 19 21:12:11 PST 2025
JOB PARAMETERS
SLURM_JOB_ID          : 40919
SLURM_JOB_NAME        : hossain_gbt_training_job_n_estimators_400_learning_rate_0p01_max_depth_3
SLURM_JOB_NUM_NODES   : 1
SLURM_JOB_NODELIST    : saliksik-cpu-35
SLURM_NTASKS          : 12
SLURM_NTASKS_PER_NODE : 
SLURM_MEM_PER_NODE    : 
TMPDIR                : /tmp/michael.cueva/SLURM_JOB_ID/40919
Cache ERROR: Cache file requires at least Modules version 5.4
  In '/opt/modules/modulefiles/cpu/.modulecache'
  Please contact <root@localhost>
Module load: anaconda/3-2023.07-2
Python 3.12.3
subjects features, labels, names and subject to id lookup loaded
<class 'int'>
<class 'float'>
<class 'int'>
{'n_estimators': 400, 'learning_rate': 0.01, 'max_depth': 3, 'class_weight': None}
Index(['raw_128hz_max', 'raw_128hz_min', 'raw_128hz_amp', 'raw_128hz_median',
       'raw_128hz_std', 'raw_128hz_range', 'raw_128hz_shannon_entropy',
       'raw_128hz_1d_max', 'raw_128hz_1d_min', 'raw_128hz_1d_amp',
       'raw_128hz_1d_std', 'raw_128hz_1d_range',
       'raw_128hz_1d_shannon_entropy', 'filt_128hz_max', 'filt_128hz_min',
       'filt_128hz_amp', 'filt_128hz_median', 'filt_128hz_std',
       'filt_128hz_range', 'filt_128hz_1d_max', 'filt_128hz_1d_min',
       'filt_128hz_1d_amp', 'filt_128hz_1d_std', 'filt_128hz_1d_range',
       'ar_coeff_1_128hz', 'ar_coeff_2_128hz', 'ar_err_var_128hz',
       'vfcdm_4/8_128hz_mean', 'first_16thofa_sec_mean',
       'second_16thofa_sec_mean', 'third_16thofa_sec_mean',
       'first_16thofa_sec_std', 'second_16thofa_sec_std',
       'third_16thofa_sec_std', 'third_16thofa_sec_median',
       'third_16thofa_sec_range', 'first_32thofa_sec_mean',
       'second_32thofa_sec_mean', 'first_32thofa_sec_std',
       'second_32thofa_sec_std'],
      dtype='object')
Index(['0'], dtype='object')
      Iter       Train Loss   Remaining Time 
         1           0.6501           57.28m
         2           0.6445           57.27m
         3           0.6393           56.93m
         4           0.6343           57.17m
         5           0.6296           56.94m
         6           0.6252           56.75m
         7           0.6209           56.56m
         8           0.6169           56.36m
         9           0.6131           56.25m
        10           0.6094           56.24m
        20           0.5792           54.48m
        30           0.5567           52.79m
        40           0.5392           51.58m
        50           0.5251           50.25m
        60           0.5136           48.95m
        70           0.5035           47.60m
        80           0.4949           46.20m
        90           0.4873           44.80m
       100           0.4808           43.37m
       200           0.4432           28.62m
       300           0.4208           14.27m
       400           0.4093            0.00s
gbt score: 0.9296467527466695
./saved/models/hossain_n_estimators_400_learning_rate_0p01_max_depth_3_gbt_clf.pkl
Finished on Sun Jan 19 22:09:29 PST 2025
Total runtime (sec): 3438.1137125492096
