Submitted on Mon Jan 20 02:08:59 PST 2025
JOB PARAMETERS
SLURM_JOB_ID          : 40939
SLURM_JOB_NAME        : hossain_svm_training_job_C_10_gamma_1
SLURM_JOB_NUM_NODES   : 1
SLURM_JOB_NODELIST    : saliksik-cpu-35
SLURM_NTASKS          : 12
SLURM_NTASKS_PER_NODE : 
SLURM_MEM_PER_NODE    : 24576
TMPDIR                : /tmp/michael.cueva/SLURM_JOB_ID/40939
Cache ERROR: Cache file requires at least Modules version 5.4
  In '/opt/modules/modulefiles/cpu/.modulecache'
  Please contact <root@localhost>
Module load: anaconda/3-2023.07-2
Python 3.12.3
...............................................................................................................................................................................................................................................................................................................................................................................................................................................................................................................................................................................................................................*.................................................................................................................................................................................................................................................................................................................................................................................................................................................................................................................................................................................................................................................................................*..........................................*....*
optimization finished, #iter = 1309239
obj = -307927.537432, rho = 0.123019
nSV = 83587, nBSV = 23455
Total nSV = 83587
....................................................................................................................................................................................................................................................................................................................................................................................................................................................................................................................................................................................................................................................*..................................................................................................................................................................................................................................................................................................................................................................................................................................................................................................................................................................................................................................................................*....................................................................*....*
optimization finished, #iter = 1340739
obj = -308971.061368, rho = 0.127825
nSV = 83662, nBSV = 23568
Total nSV = 83662
....................................................................................................................................................................................................................................................................................................................................................................................................................................................................................................................................................................................................................................*.....................................................................................................................................................................................................................................................................................................................................................................................................................................................................................................................................................................................................................................................................................*.................................................*..*
optimization finished, #iter = 1323230
obj = -305487.928726, rho = 0.125784
nSV = 83179, nBSV = 23285
Total nSV = 83179
........................................................................................................................................................................................................................................................................................................................................................................................................................................................................................................................................................................................................................*......................................................................................................................................................................................................................................................................................................................................................................................................................................................................................................................................................................................................................................................................................*............................................*...*
optimization finished, #iter = 1308216
obj = -306948.873379, rho = 0.128331
nSV = 83547, nBSV = 23330
Total nSV = 83547
.................................................................................................................................................................................................................................................................................................................................................................................................................................................................................................................................................................................................................................*........................................................................................................................................................................................................................................................................................................................................................................................................................................................................................................................................................................................................................................................................................................*........................................................................................*
optimization finished, #iter = 1377546
obj = -308147.270847, rho = 0.121557
nSV = 83684, nBSV = 23442
Total nSV = 83684
Line search fails in two-class probability estimates
..................................................................................................................................................................................................................................................................................................................................................................................................................................................................................................................................................................................................................................................................................................................................................................................................................................*...............................................................................................................................................................................................................................................................................................................................................................................................................................................................................................................................................................................................................................................................................................................................................................................................................................................................................*.........................................................