Submitted on Sun Jan 19 20:24:26 PST 2025
JOB PARAMETERS
SLURM_JOB_ID          : 40909
SLURM_JOB_NAME        : hossain_gbt_training_job_n_estimators_200_learning_rate_0p1_max_depth_5
SLURM_JOB_NUM_NODES   : 1
SLURM_JOB_NODELIST    : saliksik-cpu-20
SLURM_NTASKS          : 12
SLURM_NTASKS_PER_NODE : 
SLURM_MEM_PER_NODE    : 
TMPDIR                : /tmp/michael.cueva/SLURM_JOB_ID/40909
Cache ERROR: Cache file requires at least Modules version 5.4
  In '/opt/modules/modulefiles/cpu/.modulecache'
  Please contact <root@localhost>
Module load: anaconda/3-2023.07-2
Python 3.12.3
subjects features, labels, names and subject to id lookup loaded
<class 'int'>
<class 'float'>
<class 'int'>
{'n_estimators': 200, 'learning_rate': 0.1, 'max_depth': 5, 'class_weight': None}
Index(['raw_128hz_max', 'raw_128hz_min', 'raw_128hz_amp', 'raw_128hz_median',
       'raw_128hz_std', 'raw_128hz_range', 'raw_128hz_shannon_entropy',
       'raw_128hz_1d_max', 'raw_128hz_1d_min', 'raw_128hz_1d_amp',
       'raw_128hz_1d_std', 'raw_128hz_1d_range',
       'raw_128hz_1d_shannon_entropy', 'filt_128hz_max', 'filt_128hz_min',
       'filt_128hz_amp', 'filt_128hz_median', 'filt_128hz_std',
       'filt_128hz_range', 'filt_128hz_1d_max', 'filt_128hz_1d_min',
       'filt_128hz_1d_amp', 'filt_128hz_1d_std', 'filt_128hz_1d_range',
       'ar_coeff_1_128hz', 'ar_coeff_2_128hz', 'ar_err_var_128hz',
       'vfcdm_4/8_128hz_mean', 'first_16thofa_sec_mean',
       'second_16thofa_sec_mean', 'third_16thofa_sec_mean',
       'first_16thofa_sec_std', 'second_16thofa_sec_std',
       'third_16thofa_sec_std', 'third_16thofa_sec_median',
       'third_16thofa_sec_range', 'first_32thofa_sec_mean',
       'second_32thofa_sec_mean', 'first_32thofa_sec_std',
       'second_32thofa_sec_std'],
      dtype='object')
Index(['0'], dtype='object')
      Iter       Train Loss   Remaining Time 
         1           0.5909           35.65m
         2           0.5571           35.76m
         3           0.5327           35.62m
         4           0.5141           35.74m
         5           0.4994           35.61m
         6           0.4865           35.53m
         7           0.4761           35.39m
         8           0.4666           35.18m
         9           0.4590           35.17m
        10           0.4523           34.95m
        20           0.4108           33.13m
        30           0.3938           31.10m
        40           0.3849           29.14m
        50           0.3793           27.20m
        60           0.3758           25.39m
        70           0.3727           23.55m
        80           0.3705           21.71m
        90           0.3682           19.86m
       100           0.3665           18.06m
       200           0.3533            0.00s
gbt score: 0.9372665855398431
./saved/models/hossain_n_estimators_200_learning_rate_0p1_max_depth_5_gbt_clf.pkl
Finished on Sun Jan 19 21:00:44 PST 2025
Total runtime (sec): 2177.7467074394226
