Submitted on Sun Jan 19 20:45:37 PST 2025
JOB PARAMETERS
SLURM_JOB_ID          : 40916
SLURM_JOB_NAME        : hossain_gbt_training_job_n_estimators_400_learning_rate_0p1_max_depth_10
SLURM_JOB_NUM_NODES   : 1
SLURM_JOB_NODELIST    : saliksik-cpu-36
SLURM_NTASKS          : 12
SLURM_NTASKS_PER_NODE : 
SLURM_MEM_PER_NODE    : 
TMPDIR                : /tmp/michael.cueva/SLURM_JOB_ID/40916
Cache ERROR: Cache file requires at least Modules version 5.4
  In '/opt/modules/modulefiles/cpu/.modulecache'
  Please contact <root@localhost>
Module load: anaconda/3-2023.07-2
Python 3.12.3
subjects features, labels, names and subject to id lookup loaded
<class 'int'>
<class 'float'>
<class 'int'>
{'n_estimators': 400, 'learning_rate': 0.1, 'max_depth': 10, 'class_weight': None}
Index(['raw_128hz_max', 'raw_128hz_min', 'raw_128hz_amp', 'raw_128hz_median',
       'raw_128hz_std', 'raw_128hz_range', 'raw_128hz_shannon_entropy',
       'raw_128hz_1d_max', 'raw_128hz_1d_min', 'raw_128hz_1d_amp',
       'raw_128hz_1d_std', 'raw_128hz_1d_range',
       'raw_128hz_1d_shannon_entropy', 'filt_128hz_max', 'filt_128hz_min',
       'filt_128hz_amp', 'filt_128hz_median', 'filt_128hz_std',
       'filt_128hz_range', 'filt_128hz_1d_max', 'filt_128hz_1d_min',
       'filt_128hz_1d_amp', 'filt_128hz_1d_std', 'filt_128hz_1d_range',
       'ar_coeff_1_128hz', 'ar_coeff_2_128hz', 'ar_err_var_128hz',
       'vfcdm_4/8_128hz_mean', 'first_16thofa_sec_mean',
       'second_16thofa_sec_mean', 'third_16thofa_sec_mean',
       'first_16thofa_sec_std', 'second_16thofa_sec_std',
       'third_16thofa_sec_std', 'third_16thofa_sec_median',
       'third_16thofa_sec_range', 'first_32thofa_sec_mean',
       'second_32thofa_sec_mean', 'first_32thofa_sec_std',
       'second_32thofa_sec_std'],
      dtype='object')
Index(['0'], dtype='object')
      Iter       Train Loss   Remaining Time 
         1           0.5748          134.69m
         2           0.5325          135.71m
         3           0.5022          136.95m
         4           0.4787          135.98m
         5           0.4597          135.49m
         6           0.4433          135.73m
         7           0.4297          135.77m
         8           0.4178          135.82m
         9           0.4078          135.74m
        10           0.3990          135.31m
        20           0.3483          131.48m
        30           0.3253          127.76m
        40           0.3117          124.24m
        50           0.3025          120.53m
        60           0.2963          117.19m
        70           0.2889          113.52m
        80           0.2829          109.97m
        90           0.2775          106.28m
       100           0.2738          102.64m
       200           0.2329           68.44m
       300           0.2048           34.81m
       400           0.1791            0.00s
gbt score: 0.9737613143532768
./saved/models/hossain_n_estimators_400_learning_rate_0p1_max_depth_10_gbt_clf.pkl
Finished on Sun Jan 19 23:06:16 PST 2025
Total runtime (sec): 8438.531309604645
