Submitted on Mon Jan 20 13:37:52 PST 2025
JOB PARAMETERS
SLURM_JOB_ID          : 40943
SLURM_JOB_NAME        : hossain_svm_training_job_C_100_gamma_0p01
SLURM_JOB_NUM_NODES   : 1
SLURM_JOB_NODELIST    : saliksik-cpu-35
SLURM_NTASKS          : 12
SLURM_NTASKS_PER_NODE : 
SLURM_MEM_PER_NODE    : 24576
TMPDIR                : /tmp/michael.cueva/SLURM_JOB_ID/40943
Cache ERROR: Cache file requires at least Modules version 5.4
  In '/opt/modules/modulefiles/cpu/.modulecache'
  Please contact <root@localhost>
Module load: anaconda/3-2023.07-2
Python 3.12.3
..............................................................................................................................................................................................................................................................................................................................................................................................................................................................................................................................................................................................................................................................................................................................................................................................................................................................................................................................*........................................................................................................................................................................................................................................................................................................................................................................................................................................................................................................................................................................................................................................................................................................................................................................................................................................................................................................................................................................*..........................................................................................................................................................................................................................................................................................................................................................................................................................................................................................................................................................................................................................................................*................................................................................................................................*
optimization finished, #iter = 2591488
obj = -4791225.311540, rho = -0.786437
nSV = 50028, nBSV = 47693
Total nSV = 50028
....................................................................................................................................................................................................................................................................................................................................................................................................................................................................................................................................................................................................................................................................................................................................................................................................................................................................................*...................................................................................................................................................................................................................................................................................................................................................................................................................................................................................................................................................................................................................................................................................................................................................................................................................................................................................................................................................................................................................................................................*......................................................................................................................................................................................................................................................................................................................................................................................................................................................................................................................................................................................................................................................................................................*....................................................................................................................................................................................*.............*
optimization finished, #iter = 2748458
obj = -4789825.968580, rho = -0.813102
nSV = 50000, nBSV = 47666
Total nSV = 50000
................................................................................................................................................................................................................................................................................................................................................................................................................................................................................................................................................................................................................................................................................................................................................................................................................................................................................................................................................*.................................................................................................................................................................................................................................................................................................................................................................................................................................................................................................................................................................................................................................................................................................................................................................................................................................................................................................................................*..............................................................................................................................................................................................................................................................................................................................................................................................................................................................................................................................................................................................................................................*.....................................................................................*
optimization finished, #iter = 2514925
obj = -4802348.363411, rho = -0.765935
nSV = 50086, nBSV = 47788
Total nSV = 50086
...........................................................................................................................................................................................................................................................................................................................................