Submitted on Sun Jan 19 21:50:33 PST 2025
JOB PARAMETERS
SLURM_JOB_ID          : 40964
SLURM_JOB_NAME        : taylor_svm_training_job_C_1_gamma_0p001
SLURM_JOB_NUM_NODES   : 1
SLURM_JOB_NODELIST    : saliksik-cpu-36
SLURM_NTASKS          : 12
SLURM_NTASKS_PER_NODE : 
SLURM_MEM_PER_NODE    : 102400
TMPDIR                : /tmp/michael.cueva/SLURM_JOB_ID/40964
Cache ERROR: Cache file requires at least Modules version 5.4
  In '/opt/modules/modulefiles/cpu/.modulecache'
  Please contact <root@localhost>
Module load: anaconda/3-2023.07-2
Python 3.12.3
.............................................................
Warning: using -h 0 may be faster
*.....
Warning: using -h 0 may be faster
*......
Warning: using -h 0 may be faster
*...
Warning: using -h 0 may be faster
*.
Warning: using -h 0 may be faster
*
optimization finished, #iter = 75597
obj = -63799.516158, rho = 0.820271
nSV = 64576, nBSV = 64543
Total nSV = 64576
.............................................................
Warning: using -h 0 may be faster
*..........
Warning: using -h 0 may be faster
*...
Warning: using -h 0 may be faster
*
optimization finished, #iter = 73777
obj = -63790.023506, rho = 0.770088
nSV = 64553, nBSV = 64525
Total nSV = 64553
...............................................................
Warning: using -h 0 may be faster
*...
Warning: using -h 0 may be faster
*....
Warning: using -h 0 may be faster
*..
Warning: using -h 0 may be faster
*
optimization finished, #iter = 71654
obj = -64042.269826, rho = 0.719256
nSV = 64844, nBSV = 64812
Total nSV = 64844
...........................................................
Warning: using -h 0 may be faster
*......
Warning: using -h 0 may be faster
*.........
Warning: using -h 0 may be faster
*.
Warning: using -h 0 may be faster
*
optimization finished, #iter = 75386
obj = -64063.348378, rho = 0.540775
nSV = 64850, nBSV = 64811
Total nSV = 64850
.....................................