Submitted on Wed Jan 22 12:21:58 PST 2025
JOB PARAMETERS
SLURM_JOB_ID          : 40951
SLURM_JOB_NAME        : taylor_svm_training_job_C_1000_gamma_0p01
SLURM_JOB_NUM_NODES   : 1
SLURM_JOB_NODELIST    : saliksik-cpu-20
SLURM_NTASKS          : 12
SLURM_NTASKS_PER_NODE : 
SLURM_MEM_PER_NODE    : 102400
TMPDIR                : /tmp/michael.cueva/SLURM_JOB_ID/40951
Module load: anaconda/3-2023.07-2
Python 3.12.3
............................................................................................................................................................................................................................................................................................................................................................................................................................................................................................................................................................
Warning: using -h 0 may be faster
*.......................................................................................................................................................................................................................................................................................................*.........................................................................................................................................................................................................................................................................................................................................................................................................................................................*.................................................................................................................................................................................................................................................................................................................................................................*...................................................................................................................................................................................................................................................................................................................................................*.............................................................................................................................................................................................................................................................................................................................................................................................*...............................................................................................................................................................................................................................................*............................................................................................................................................*..............................................................................................................................................................................................*.................................................................................*..................................*............................
Warning: using -h 0 may be faster
*
optimization finished, #iter = 3057427
obj = -5682272.321954, rho = 6.973168
nSV = 57775, nBSV = 57642
Total nSV = 57775
..................................................................................................................................................................................................................................................................................................................................................................................................................
Warning: using -h 0 may be faster
*...................................................................................................................................................................................................................................................................................*......................................................................................................................................................................................................................................................................................................................................................................................................................................................................................................*................................................................................................................................................................................................................................................................................................................................................................*....................................................................................................................................................................................................................................................................................................................................................................................................................*.........................................................................................................................................................................................................................................................................................................................................................................................................................*........................................................................................*................
Warning: using -h 0 may be faster
*
optimization finished, #iter = 2428406
obj = -5680009.358524, rho = 9.052301
nSV = 57771, nBSV = 57633
Total nSV = 57771
...........................................................................................................................................................................................................................................................................................................................................................................................................................................................................................
Warning: using -h 0 may be faster
*.............................................................................................................................................................................................................................................................................................*........................................................................................................................................................................................................................................................................................................................................................................................................................................................................*..................................................................................................................................................................................................................................................................................................................*.........................................................................................................................................................................................................................................................................................................................................................................................................................................*....................................................................................................................................................................................................................................................................................................*.................................................................................................................................................................................................................*.........................................................................................................................................................................................................................................................................................*.........................................................................................*...........................*...........
Warning: using -h 0 may be faster
*
optimization finished, #iter = 2853285
obj = -5692089.855329, rho = 9.190328
nSV = 57885, nBSV = 57739
Total nSV = 57885
...............................................................................................................................................................................................................................................................................................................................................................................................................................
Warning: using -h 0 may be faster
*...........................................................................................................................................................................................................................................................................................................................................................................................*..................................................................................................................................................................................................................................................................................................................................................................................................................................................................................................................................*...................................................................................................................................................................................*................................................................................................................................................................................................................................................................................................................................................................................................*...........................................................................................................................................................................................................................................................................................................................................................................*...................................................................................................................................................................................................................................................*..................................................................................................................*.................................................................................................*...........
Warning: using -h 0 may be faster
*
optimization finished, #iter = 2696256
obj = -5687046.731290, rho = 8.026199
nSV = 57823, nBSV = 57677
Total nSV = 57823
...................................................................................................................................................................................................................................................................................................................................................................................................................................
Warning: using -h 0 may be faster
*................................................................................................................................................................................................................................................................................................................................................................................................................................................................*...............................................................................................................................................................................................................................................................................................................................................................................................................................................................................................................................*............................................................................................................................................................................................................................................................................................*.............................................................................................................................................................................................................................................................................................................................................................................*......................................................................................................................................................................................................................................................................................................................................................*...................................................................................................................................................................................................................................................................................................................................................................................................................*................................................................................................................*............
Warning: using -h 0 may be faster
*
optimization finished, #iter = 2894171
obj = -5701568.868569, rho = 8.852511
nSV = 58001, nBSV = 57867
Total nSV = 58001
............................................................................................................................................................................................................................................................................................................................................................................................................................................................................................................................................................................
Warning: using -h 0 may be faster
*.....................................................................................................................................................................................................................................................................................................*.................................................................................................................................................................................................................................................................................................................................................................................................................................................................................................................................................................................................................................................................
Warning: using -h 0 may be faster
*....................................................................................................................................................................................................................................................................................................................................................................................................................................*........................................................................................................................................................................................................................................*.......................................................................................................................................................................................................................*.....................................................................................................................................*.....................................................................................................*........................................................................
Warning: using -h 0 may be faster
*.
Warning: using -h 0 may be faster
*
optimization finished, #iter = 2660152
obj = -7087944.635066, rho = -9.014261
nSV = 72035, nBSV = 71894
Total nSV = 72035
subjects features, labels, names and subject to id lookup loaded
<class 'int'>
<class 'float'>
<class 'bool'>
{'C': 100, 'gamma': 0.01, 'probability': True, 'class_weight': None}
Index(['raw_128hz_min', 'raw_128hz_median', 'raw_128hz_std', 'raw_128hz_range',
       'raw_128hz_1d_max', 'raw_128hz_1d_min', 'raw_128hz_1d_amp',
       'raw_128hz_1d_std', 'filt_128hz_min', 'filt_128hz_std',
       'filt_128hz_range', 'filt_128hz_1d_min', 'filt_128hz_1d_std',
       'filt_128hz_1d_range', 'filt_128hz_1d_avg_abs', 'third_16thofa_sec_max',
       'first_16thofa_sec_mean', 'third_16thofa_sec_mean',
       'second_16thofa_sec_std', 'third_16thofa_sec_std',
       'first_32thofa_sec_mean', 'first_32thofa_sec_std',
       'second_32thofa_sec_std', 'raw_16hz_amp', 'raw_16hz_std',
       'filt_16hz_max', 'filt_16hz_min', 'filt_16hz_std', 'filt_16hz_range',
       'filt_16hz_1d_max', 'filt_16hz_1d_min', 'filt_16hz_1d_std',
       'filt_16hz_1d_range', 'first_2thofa_sec_max', 'second_2thofa_sec_max',
       'second_2thofa_sec_mean', 'second_2thofa_sec_median',
       'second_4thofa_sec_max', 'second_4thofa_sec_std',
       'second_4thofa_sec_median'],
      dtype='object')
Index(['0'], dtype='object')
[LibSVM]svm score: 0.9181343134375146
./saved/models/taylor_C_100_gamma_0p01_probability_True_class_weight_None_svm_clf.pkl
Finished on Thu Jan 23 00:05:38 PST 2025
Total runtime (sec): 42220.15802145004
