Submitted on Wed Jan 22 12:21:47 PST 2025
JOB PARAMETERS
SLURM_JOB_ID          : 40950
SLURM_JOB_NAME        : taylor_svm_training_job_C_1000_gamma_0p001
SLURM_JOB_NUM_NODES   : 1
SLURM_JOB_NODELIST    : saliksik-cpu-36
SLURM_NTASKS          : 12
SLURM_NTASKS_PER_NODE : 
SLURM_MEM_PER_NODE    : 102400
TMPDIR                : /tmp/michael.cueva/SLURM_JOB_ID/40950
Module load: anaconda/3-2023.07-2
Python 3.12.3
.......................................................................................................................................................................................................................................................................................................................................................................................................................................................................................................................................................................................................................................................................................................................................................................................................................................................
Warning: using -h 0 may be faster
*..............................................................................................................................................................................................................................................................................................................................................................................................................................................................................................................
Warning: using -h 0 may be faster
*......................................................................................................................................................................................................................................................................................................................................................................................................................................................................................................................................................................................................................................................
Warning: using -h 0 may be faster
*.............................................................................................................................................................................................................................................................................................................................................................................................................................................
Warning: using -h 0 may be faster
*.....................................................................................................................................................................................................................................................................................................................................................................................................................................................................................................................................................................................................................................................................................................................................................................................................................................................
Warning: using -h 0 may be faster
*...............................................................................................................................................................................................................................................................................................................................................................................
Warning: using -h 0 may be faster
*......................................................................................................................................................................................................................................................................................................................................................................................................
Warning: using -h 0 may be faster
*..............................................................................................................................................................................................................................................................................................................................................................................................................................................
Warning: using -h 0 may be faster
*...........................................................................................................................................................................................................................................................................................................................................................................................................................................................................................................
Warning: using -h 0 may be faster
*........................................................................................................................................................................................................................................................................................................................................................................................................................................................................................................................................
Warning: using -h 0 may be faster
*.........................................................................................................................................................................................................................................................................................................................................................................................................................................................................................................................................................
Warning: using -h 0 may be faster
*..................................................................................................................................................................................................................................................................................................................*..................................................................................................................................................................................................................................
Warning: using -h 0 may be faster
*.....................................................................................................................................................................................................................
Warning: using -h 0 may be faster
*.....................................................................................................................................
Warning: using -h 0 may be faster
*.............................................................................................................................................
Warning: using -h 0 may be faster
*..........................................................................
Warning: using -h 0 may be faster
*
optimization finished, #iter = 7018893
obj = -57743772.216633, rho = 64.091220
nSV = 58348, nBSV = 58283
Total nSV = 58348
.................................................................................................................................................................................................................................................................................................................................................................................................................................................................................................................................................................................................................................................................................................................................................................................................................................................................................................
Warning: using -h 0 may be faster
*........................................................................................................................................................................................................................................................................................................................................................................................................................................................................................................................................................................................................................................................................................................................................................................................................................
Warning: using -h 0 may be faster
*..................................................................................................................................................................................................................................................................................................................................................................................................................................................................................................................................................................................................................................................................................................
Warning: using -h 0 may be faster
*...................................................................................................................................................................................................................................................................................................................................................................................................................................................................................................................................................................................................................................................................................................................................
Warning: using -h 0 may be faster
*................................................................................................................................................................................................................................................................................................................................................................................................................................................................................................................................................................................................................................................................................................................................
Warning: using -h 0 may be faster
*........................................................................................................................................................................................................................................................................................................................................................................................................
Warning: using -h 0 may be faster
*...............................................................................................................................................................................................................................................................................................................................................
Warning: using -h 0 may be faster
*..........................................................................................................................................................................................................................
Warning: using -h 0 may be faster
*........................................................................................................................................................
Warning: using -h 0 may be faster
*.....................................................................................................
Warning: using -h 0 may be faster
*...............................................................................................................................................
Warning: using -h 0 may be faster
*........................................................................................................................
Warning: using -h 0 may be faster
*.......................................................................................................................
Warning: using -h 0 may be faster
*...................................................................
Warning: using -h 0 may be faster
*.............................................................................................................
Warning: using -h 0 may be faster
*....................................................
Warning: using -h 0 may be faster
*.......................
Warning: using -h 0 may be faster
*
optimization finished, #iter = 5565432
obj = -57614059.091731, rho = 61.251448
nSV = 58322, nBSV = 58254
Total nSV = 58322
............................................................................................................................................................................................................................................................................................................................................................................................................................................................................................................................................................................................................................................................................................................................................................................................................................................................................................................................................................................................................................................................................
Warning: using -h 0 may be faster
*.................................................................................................................................................................................................................................................................................................................................................................................................................................................................................................................................................................................................................................................................................................................................................................................................................................................................
Warning: using -h 0 may be faster
*.............................................................................................................................................................................................................................................................................................................................................................................................................................................................................................................................................................
Warning: using -h 0 may be faster
*...............................................................................................................................................................................................................................................................................................................................................................................................................................................................
Warning: using -h 0 may be faster
*..............................................................................................................................................................................................................................................................................................
Warning: using -h 0 may be faster
*.......................................................................................................................................................................................................................................................................................................................................................................................................................................................
Warning: using -h 0 may be faster
*..................................................................................................................................................................................................................................................................................................................................................................................................................................................................................................................................................................................................................................................................................................................
Warning: using -h 0 may be faster
*..........................................................................................................................................................................................................................................................................................................................................................................................
Warning: using -h 0 may be faster
*.............................................................................................................................................................................................................................................................................................................................................................................................................................................................................................
Warning: using -h 0 may be faster
*...................................................................................................................................................................................................................................................................................................................................................................................................................................................................
Warning: using -h 0 may be faster
*.....................................................................................................................................................................................................................................................................................................................................................................
Warning: using -h 0 may be faster
*..............................................................................................................................................................................................................................................................................................................................
Warning: using -h 0 may be faster
*..........................................................
Warning: using -h 0 may be faster
*................................................................................................................
Warning: using -h 0 may be faster
*.........................................................................................
Warning: using -h 0 may be faster
*.
Warning: using -h 0 may be faster
*
optimization finished, #iter = 6508294
obj = -58176742.206171, rho = 63.469822
nSV = 58786, nBSV = 58726
Total nSV = 58786
...............................................................................................................................................................................................................................................................................................................................................................................................................................................................................................................................................................................................................................................................................................................................................................................................................................................................................................................................................................................
Warning: using -h 0 may be faster
*......................................................................................................................................................................................................................................................................................................................................................................................................................................................................................................................................................................................................................................................................................................................
Warning: using -h 0 may be faster
*........................................................................................................................................................................................................................................................................................................................................................................................................................................................................................................................................................................................................................................................................................................................
Warning: using -h 0 may be faster
*.............................................................................................................................................................................................................................................................................................................................................................................................................................................................................................................................................................
Warning: using -h 0 may be faster
*....................................................................................................................................................................................................................................................................................................................................................................................................................................................................................................................................................................................................................................................................................................................
Warning: using -h 0 may be faster
*..............................................................................................................................................................................................................................................................................................................................................................................................................................................................................................................................................................
Warning: using -h 0 may be faster
*........................................................................................................................................................................................................................................................................................................................................................................................................................................................................................................................................................................................................................................................................................................................................................................................................................................................................................................................................................................................
Warning: using -h 0 may be faster
*...............................................................................................................................................................................................................................................................................................................................................................................................................................................................................................................................................................................................................................................................................................................................................................................................................................................
Warning: using -h 0 may be faster
*..................................................................................................................................................................................................................................................
Warning: using -h 0 may be faster
*................
Warning: using -h 0 may be faster
*
optimization finished, #iter = 6130203
obj = -57495870.329780, rho = 67.306439
nSV = 58101, nBSV = 58032
Total nSV = 58101
....................................